TN:
SF:/Users/renatocardoso/repos/bitDust-web-vue/src/renderer/App.vue
FNF:0
FNH:0
LF:0
LH:0
BRF:0
BRH:0
end_of_record
TN:
SF:/Users/renatocardoso/repos/bitDust-web-vue/src/renderer/components/LandingPage.vue
FNF:0
FNH:0
DA:42,0
LF:1
LH:0
BRF:0
BRH:0
end_of_record
TN:
SF:/Users/renatocardoso/repos/bitDust-web-vue/src/renderer/components/LandingPage/SystemInformation.vue
FNF:0
FNH:0
DA:36,1
LF:1
LH:1
BRF:0
BRH:0
end_of_record
TN:
SF:/Users/renatocardoso/repos/bitDust-web-vue/src/renderer/router/index.js
FNF:0
FNH:0
DA:4,1
LF:1
LH:1
BRF:0
BRH:0
end_of_record
TN:
SF:/Users/renatocardoso/repos/bitDust-web-vue/src/renderer/store/index.js
FNF:0
FNH:0
DA:6,1
LF:1
LH:1
BRF:0
BRH:0
end_of_record
TN:
SF:/Users/renatocardoso/repos/bitDust-web-vue/src/renderer/store/modules/Counter.js
FNF:0
FNH:0
DA:1,1
DA:5,1
DA:7,0
DA:10,0
DA:14,1
DA:17,0
LF:6
LH:3
BRF:0
BRH:0
end_of_record
TN:
SF:/Users/renatocardoso/repos/bitDust-web-vue/src/renderer/store/modules/index.js
FN:9,(anonymous_0)
FNF:1
FNH:1
FNDA:2,(anonymous_0)
DA:6,1
DA:7,1
DA:9,1
DA:10,2
DA:11,1
LF:5
LH:5
BRDA:10,0,0,1
BRDA:10,0,1,1
BRF:2
BRH:2
end_of_record
